<?xml version="1.0" encoding="UTF-8"?>
<testng-results ignored="0" total="1" passed="1" failed="0" skipped="0">
  <reporter-output>
  </reporter-output>
  <suite started-at="2021-10-16T15:54:07Z" name="Default suite" finished-at="2021-10-16T15:54:10Z" duration-ms="2883">
    <groups>
    </groups>
    <test started-at="2021-10-16T15:54:07Z" name="Default test" finished-at="2021-10-16T15:54:10Z" duration-ms="2883">
      <class name="Testing.NewTest">
        <test-method signature="f()[pri:0, instance:Testing.NewTest@78aa1f72]" started-at="2021-10-16T10:54:07Z" name="f" finished-at="2021-10-16T10:54:10Z" duration-ms="2855" status="PASS">
          <reporter-output>
          </reporter-output>
        </test-method> <!-- f -->
      </class> <!-- Testing.NewTest -->
    </test> <!-- Default test -->
  </suite> <!-- Default suite -->
</testng-results>
